10:55:41 **** Incremental Build of configuration Debug for project second ****
make all 
Building file: ../src/second.c
Invoking: GCC C Compiler
gcc -O0 -g3 -Wall -c -fmessage-length=0 -MMD -MP -MF"src/second.d" -MT"src/second.o" -o "src/second.o" "../src/second.c"
../src/second.c: In function ‘main’:
../src/second.c:44:16: warning: implicit declaration of function ‘input’ [-Wimplicit-function-declaration]
        case 1: input(mat1,r1,c1);
                ^
../src/second.c:48:16: warning: implicit declaration of function ‘display’ [-Wimplicit-function-declaration]
        case 2: display(mat1,r1,c1);
                ^
../src/second.c:52:16: warning: implicit declaration of function ‘add’ [-Wimplicit-function-declaration]
        case 3: add(mat1,mat2,r1,c1,r2,c2);
                ^
../src/second.c: At top level:
../src/second.c:68:6: warning: conflicting types for ‘input’
 void input(int mat1[][10],int r1,int c1)
      ^
../src/second.c:44:16: note: previous implicit declaration of ‘input’ was here
        case 1: input(mat1,r1,c1);
                ^
../src/second.c:82:6: warning: conflicting types for ‘display’
 void display(int mat1[][10],int r1,int c1)
      ^
../src/second.c:48:16: note: previous implicit declaration of ‘display’ was here
        case 2: display(mat1,r1,c1);
                ^
../src/second.c:97:6: warning: conflicting types for ‘add’
 void add(int mat1[][10],int mat2[][10],int mat3[][10],int r1,int c1,int r2,int c2,int r3,int c3)
      ^
../src/second.c:52:16: note: previous implicit declaration of ‘add’ was here
        case 3: add(mat1,mat2,r1,c1,r2,c2);
                ^
../src/second.c: In function ‘main’:
../src/second.c:53:16: warning: ‘r3’ may be used uninitialized in this function [-Wmaybe-uninitialized]
                display(mat3,r3,c3);
                ^
../src/second.c:53:16: warning: ‘c3’ may be used uninitialized in this function [-Wmaybe-uninitialized]
Finished building: ../src/second.c
 
Building target: second
Invoking: GCC C Linker
gcc  -o "second"  ./src/second.o   
Finished building target: second
 

10:55:41 Build Finished (took 477ms)

